make all --print-data-base --no-builtin-variables --no-builtin-rules --question
# GNU Make 3.81
# Copyright (C) 2006  Free Software Foundation, Inc.
# This is free software; see the source for copying conditions.
# There is NO warranty; not even for MERCHANTABILITY or FITNESS FOR A
# PARTICULAR PURPOSE.

# This program built for i386-apple-darwin11.3.0
 
make: *** No rule to make target `all'.  Stop.


# Make data base, printed on Tue Apr 12 12:04:16 2022

# Variables

# automatic
<D = $(patsubst %/,%,$(dir $<))
# automatic
?F = $(notdir $?)
 
# environment
VSCODE_LOG_NATIVE = false
# makefile (from `makefile', line 52)
TARGET = graph
# automatic
?D = $(patsubst %/,%,$(dir $?))
# makefile (from `makefile', line 60)
INCLUDES := ./inc/arg_pars.h ./inc/graf.h ./inc/graf_fun.h ./inc/io.h ./inc/testy.h
# automatic
@D = $(patsubst %/,%,$(dir $@))
# automatic
@F = $(notdir $@)
# makefile
CURDIR := /Users/mikolajguzik/Documents/GitHub/jimp2-projekt
# makefile
SHELL = /bin/sh
# environment
VSCODE_NLS_CONFIG = {"locale":"pl","availableLanguages":{},"_languagePackSupport":true}
# environment
_ = /usr/bin/make
# makefile (from `makefile', line 1)
MAKEFILE_LIST :=  makefile
# makefile (from `makefile', line 59)
SOURCES := ./src/arg_pars.c ./src/graf.c ./src/graf_fun.c ./src/io.c ./src/main.c ./src/testy.c
# environment
VSCODE_VERBOSE_LOGGING = true
# environment
__CFBundleIdentifier = com.microsoft.VSCode
# environment
INFOPATH = /opt/homebrew/share/info:/opt/homebrew/share/info:
# environment
VSCODE_IPC_HOOK_EXTHOST = /var/folders/52/zslv0vf13ln1yz6cvcb3fyc80000gn/T/vscode-ipc-abec9807-42ef-4060-a486-3c7fe0643458.sock
# environment
VSCODE_CWD = /
# environment
PATH = /Library/Frameworks/Python.framework/Versions/3.10/bin:/opt/homebrew/bin:/opt/homebrew/sbin:/usr/local/bin:/usr/bin:/bin:/usr/sbin:/sbin:~/.dotnet/tools:/Library/Frameworks/Mono.framework/Versions/Current/Commands:/Library/Frameworks/Python.framework/Versions/3.10/bin:/opt/homebrew/bin:/opt/homebrew/sbin
# environment
LaunchInstanceID = 52C72109-A591-4C0C-96B5-06895CA62C91
# environment
VSCODE_LOG_STACK = false
# environment
ELECTRON_RUN_AS_NODE = 1
# default
.FEATURES := target-specific order-only second-expansion else-if archives jobserver check-symlink
# environment
SSH_AUTH_SOCK = /private/tmp/com.apple.launchd.w0phufwfRP/Listeners
# automatic
%F = $(notdir $%)
# makefile (from `makefile', line 57)
BDIR = ./bin
# environment
VSCODE_PIPE_LOGGING = true
# environment
PWD = /Users/mikolajguzik/Documents/GitHub/jimp2-projekt
# environment
HOMEBREW_CELLAR = /opt/homebrew/Cellar
# environment
ORIGINAL_XDG_CURRENT_DESKTOP = undefined
# environment
MANPATH = /opt/homebrew/share/man:/usr/share/man:/usr/local/share/man:/opt/homebrew/share/man:
# environment
VSCODE_AMD_ENTRYPOINT = vs/workbench/api/node/extensionHostProcess
# environment
HOME = /Users/mikolajguzik
# default
MAKEFILEPATH = $(shell /usr/bin/xcode-select -print-path 2>/dev/null || echo /Developer)/Makefiles
# environment
VSCODE_CODE_CACHE_PATH = /Users/mikolajguzik/Library/Application Support/Code/CachedData/8dfae7a5cd50421d10cd99cb873990460525a898
# environment
LOGNAME = mikolajguzik
# environment
APPLICATION_INSIGHTS_NO_DIAGNOSTIC_CHANNEL = 1
# makefile (from `makefile', line 54)
IDIR = ./inc
# environment
VSCODE_HANDLES_UNCAUGHT_ERRORS = true
# automatic
^D = $(patsubst %/,%,$(dir $^))
# environment
XPC_FLAGS = 0x0
# default
MAKE = $(MAKE_COMMAND)
# default
MAKECMDGOALS := all
# environment
SHLVL = 1
# environment
LOCAL_GIT_DIRECTORY = /Applications/GitHub Desktop.app/Contents/Resources/app/git
# makefile (from `makefile', line 55)
ODIR = ./obj
# default
MAKE_VERSION := 3.81
# environment
USER = mikolajguzik
# makefile
.DEFAULT_GOAL := bin/graph
# automatic
%D = $(patsubst %/,%,$(dir $%))
# makefile (from `makefile', line 56)
SDIR = ./src
# default
MAKE_COMMAND := /Library/Developer/CommandLineTools/usr/bin/make
# default
.VARIABLES := 
# environment
TMPDIR = /var/folders/52/zslv0vf13ln1yz6cvcb3fyc80000gn/T/
# automatic
*F = $(notdir $*)
# environment
VSCODE_IPC_HOOK = /Users/mikolajguzik/Library/Application Support/Code/1.66.1-main.sock
# makefile
MAKEFLAGS = Rrqp
# environment
MFLAGS = -Rrqp
# automatic
*D = $(patsubst %/,%,$(dir $*))
# environment
XPC_SERVICE_NAME = application.com.microsoft.VSCode.6928771.6928778
# environment
HOMEBREW_PREFIX = /opt/homebrew
# automatic
+D = $(patsubst %/,%,$(dir $+))
# automatic
+F = $(notdir $+)
# environment
 
HOMEBREW_REPOSITORY = /opt/homebrew
# environment
__CF_USER_TEXT_ENCODING = 0x1F5:0x1D:0x2A
# environment
COMMAND_MODE = unix2003
# default
MAKEFILES := 
# automatic
<F = $(notdir $<)
# environment
LC_ALL = C
# environment
SECURITYSESSIONID = 186ac
# automatic
^F = $(notdir $^)
# default
SUFFIXES := 
# default
.INCLUDE_DIRS = /usr/local/include
# environment
MAKELEVEL := 0
# makefile (from `makefile', line 65)
OBJECTS := ./obj/arg_pars.o ./obj/graf.o ./obj/graf_fun.o ./obj/io.o ./obj/main.o ./obj/testy.o
# makefile (from `makefile', line 62)
InCFLAGS = -I$(IDIR) -Wall -Wextra -pedantic
# environment
LANG = C
# environment
VSCODE_PID = 24251
# variable set hash-table stats:
# Load=79/1024=8%, Rehash=0, Collisions=1/117=1%

# Pattern-specific Variable Values

# No pattern-specific variable values.

# Directories

# . (device 16777233, inode 6236629): 15 files, no impossibilities.
# ./src (device 16777233, inode 6236713): 8 files, no impossibilities.
# ./inc (device 16777233, inode 6236706): 7 files, no impossibilities.

# 30 files, no impossibilities in 3 directories.

# Implicit Rules

# No implicit rules.

# Files

obj/io.o: src/io.c
#  Implicit rule search has not been done.
#  Implicit/static pattern stem: `io'
#  Modification time never checked.
#  File has not been updated.
#  commands to execute (from `makefile', line 71):
	$(CC) $(CFLAGS) $(InCFLAGS) -c $< -o $@
	

# Not a target:
src/arg_pars.c:
#  Implicit rule search has not been done.
#  Modification time never checked.
#  File has not been updated.

obj/graf.o: src/graf.c
#  Implicit rule search has not been done.
#  Implicit/static pattern stem: `graf'
#  Modification time never checked.
#  File has not been updated.
#  commands to execute (from `makefile', line 71):
	$(CC) $(CFLAGS) $(InCFLAGS) -c $< -o $@
	

# Not a target:
all:
#  Command-line target.
#  Implicit rule search has been done.
#  File does not exist.
#  File has not been updated.
# variable set hash-table stats:
# Load=0/32=0%, Rehash=0, Collisions=0/0=0%

obj/graf_fun.o: src/graf_fun.c
#  Implicit rule search has not been done.
#  Implicit/static pattern stem: `graf_fun'
#  Modification time never checked.
#  File has not been updated.
#  commands to execute (from `makefile', line 71):
	$(CC) $(CFLAGS) $(InCFLAGS) -c $< -o $@
	

obj/main.o: src/main.c
#  Implicit rule search has not been done.
#  Implicit/static pattern stem: `main'
#  Modification time never checked.
#  File has not been updated.
#  commands to execute (from `makefile', line 71):
	$(CC) $(CFLAGS) $(InCFLAGS) -c $< -o $@
	

# Not a target:
.SUFFIXES:
#  Implicit rule search has not been done.
#  Modification time never checked.
#  File has not been updated.

# Not a target:
src/io.c:
#  Implicit rule search has not been done.
#  Modification time never checked.
#  File has not been updated.

test: obj/arg_pars.o obj/graf.o obj/graf_fun.o obj/io.o obj/main.o obj/testy.o bin/graph
#  Implicit rule search has not been done.
#  Modification time never checked.
#  File has not been updated.
#  commands to execute (from `makefile', line 74):
	./tests.sh
	

# Not a target:
makefile:
#  Implicit rule search has been done.
#  Last modified 2022-04-12 12:04:13
#  File has been updated.
#  Successfully updated.
# variable set hash-table stats:
# Load=0/32=0%, Rehash=0, Collisions=0/0=0%

# Not a target:
src/graf.c:
#  Implicit rule search has not been done.
#  Modification time never checked.
#  File has not been updated.

# Not a target:
src/graf_fun.c:
#  Implicit rule search has not been done.
#  Modification time never checked.
#  File has not been updated.

obj/testy.o: src/testy.c
#  Implicit rule search has not been done.
#  Implicit/static pattern stem: `testy'
#  Modification time never checked.
#  File has not been updated.
#  commands to execute (from `makefile', line 71):
	$(CC) $(CFLAGS) $(InCFLAGS) -c $< -o $@
	

# Not a target:
src/main.c:
#  Implicit rule search has not been done.
#  Modification time never checked.
#  File has not been updated.

# Not a target:
.DEFAULT:
#  Implicit rule search has not been done.
#  Modification time never checked.
#  File has not been updated.

clean:
#  Implicit rule search has not been done.
#  Modification time never checked.
#  File has not been updated.
#  commands to execute (from `makefile', line 77):
	rm $(ODIR)/*.o $(BDIR)/*
	

bin/graph: obj/arg_pars.o obj/graf.o obj/graf_fun.o obj/io.o obj/main.o obj/testy.o
#  Implicit rule search has not been done.
#  Modification time never checked.
#  File has not been updated.
#  commands to execute (from `makefile', line 68):
	$(CC) -o $@ $(LFLAGS) $(OBJECTS)
	

# Not a target:
src/testy.c:
#  Implicit rule search has not been done.
#  Modification time never checked.
#  File has not been updated.

obj/arg_pars.o: src/arg_pars.c
#  Implicit rule search has not been done.
#  Implicit/static pattern stem: `arg_pars'
#  Modification time never checked.
#  File has not been updated.
#  commands to execute (from `makefile', line 71):
	$(CC) $(CFLAGS) $(InCFLAGS) -c $< -o $@
	

# files hash-table stats:
# Load=19/1024=2%, Rehash=0, Collisions=0/50=0%
# VPATH Search Paths

# No `vpath' search paths.

# No general (`VPATH' variable) search path.

# # of strings in strcache: 1
# # of strcache buffers: 1
# strcache size: total = 4096 / max = 4096 / min = 4096 / avg = 4096
# strcache free: total = 4087 / max = 4087 / min = 4087 / avg = 4087

# Finished Make data base on Tue Apr 12 12:04:16 2022

 
